[2022-03-24 13:21:06][7] Processing: App\Jobs\AppUninstalledJob
[2022-03-24 13:21:06][8] Processing: App\Jobs\AppUninstalledJob
[2022-03-24 13:21:06][9] Processing: App\Jobs\AppUninstalledJob
[2022-03-24 13:21:06][9] Failed:     App\Jobs\AppUninstalledJob
[2022-03-24 13:21:15][10] Processing: Osiset\ShopifyApp\Messaging\Jobs\ScripttagInstaller
[2022-03-24 13:21:15][11] Processing: Osiset\ShopifyApp\Messaging\Jobs\WebhookInstaller
[2022-03-24 13:21:15][11] Processed:  Osiset\ShopifyApp\Messaging\Jobs\WebhookInstaller
[2022-03-24 13:21:16][10] Processed:  Osiset\ShopifyApp\Messaging\Jobs\ScripttagInstaller
[2022-03-24 13:21:51][12] Processing: App\Jobs\AppUninstalledJob
[2022-03-24 13:21:51][12] Processed:  App\Jobs\AppUninstalledJob
[2022-03-24 13:22:18][13] Processing: Osiset\ShopifyApp\Messaging\Jobs\ScripttagInstaller
[2022-03-24 13:22:18][14] Processing: Osiset\ShopifyApp\Messaging\Jobs\WebhookInstaller
[2022-03-24 13:22:19][14] Processed:  Osiset\ShopifyApp\Messaging\Jobs\WebhookInstaller
[2022-03-24 13:22:19][13] Processed:  Osiset\ShopifyApp\Messaging\Jobs\ScripttagInstaller
[2022-03-24 13:26:39][15] Processing: Osiset\ShopifyApp\Messaging\Jobs\ScripttagInstaller
[2022-03-24 13:26:39][16] Processing: Osiset\ShopifyApp\Messaging\Jobs\WebhookInstaller
[2022-03-24 13:26:40][16] Processed:  Osiset\ShopifyApp\Messaging\Jobs\WebhookInstaller
[2022-03-24 13:26:40][15] Processed:  Osiset\ShopifyApp\Messaging\Jobs\ScripttagInstaller
[2022-03-24 13:26:57][17] Processing: Osiset\ShopifyApp\Messaging\Jobs\ScripttagInstaller
[2022-03-24 13:26:57][18] Processing: Osiset\ShopifyApp\Messaging\Jobs\WebhookInstaller
[2022-03-24 13:26:58][18] Processed:  Osiset\ShopifyApp\Messaging\Jobs\WebhookInstaller
[2022-03-24 13:26:59][17] Processed:  Osiset\ShopifyApp\Messaging\Jobs\ScripttagInstaller
[2022-03-24 13:36:55][19] Processing: App\Jobs\AppUninstalledJob
[2022-03-24 13:36:55][19] Processed:  App\Jobs\AppUninstalledJob
[2022-03-24 13:39:33][20] Processing: Osiset\ShopifyApp\Messaging\Jobs\ScripttagInstaller
[2022-03-24 13:39:33][20] Processed:  Osiset\ShopifyApp\Messaging\Jobs\ScripttagInstaller
[2022-03-24 13:39:33][21] Processing: Osiset\ShopifyApp\Messaging\Jobs\WebhookInstaller
[2022-03-24 13:39:33][21] Processed:  Osiset\ShopifyApp\Messaging\Jobs\WebhookInstaller
[2022-03-24 13:42:05][22] Processing: App\Jobs\AppUninstalledJob
[2022-03-24 13:42:05][22] Processed:  App\Jobs\AppUninstalledJob
[2022-03-24 13:55:54][23] Processing: App\Jobs\AppUninstalledJob
[2022-03-24 13:55:54][24] Processing: App\Jobs\AppUninstalledJob
[2022-03-24 13:55:54][25] Processing: App\Jobs\AppUninstalledJob
[2022-03-24 13:55:54][25] Failed:     App\Jobs\AppUninstalledJob
[2022-03-25 06:35:19][26] Processing: Osiset\ShopifyApp\Messaging\Jobs\ScripttagInstaller
[2022-03-25 06:35:20][26] Processed:  Osiset\ShopifyApp\Messaging\Jobs\ScripttagInstaller
[2022-03-25 06:35:20][27] Processing: Osiset\ShopifyApp\Messaging\Jobs\WebhookInstaller
[2022-03-25 06:35:20][27] Processed:  Osiset\ShopifyApp\Messaging\Jobs\WebhookInstaller
